  [1m[35m (3.7ms)[0m  [1m[34mSELECT sqlite_version(*)[0m
  [1m[35m (2.1ms)[0m  [1m[34mSELECT sqlite_version(*)[0m
  [1m[35m (3.4ms)[0m  [1m[35mCREATE TABLE "schema_migrations" ("version" varchar NOT NULL PRIMARY KEY)[0m
  [1m[35m (1.9ms)[0m  [1m[35mCREATE TABLE "ar_internal_metadata" ("key" varchar NOT NULL PRIMARY KEY, "value" varchar, "created_at" datetime(6) NOT NULL, "updated_at" datetime(6) NOT NULL)[0m
  [1m[36mActiveRecord::InternalMetadata Load (0.4ms)[0m  [1m[34mSELECT "ar_internal_metadata".* FROM "ar_internal_metadata" WHERE "ar_internal_metadata"."key" = ? LIMIT ?[0m  [["key", "environment"], ["LIMIT", 1]]
  [1m[35m (0.1ms)[0m  [1m[36mbegin transaction[0m
  [1m[36mActiveRecord::InternalMetadata Create (0.9ms)[0m  [1m[32mINSERT INTO "ar_internal_metadata" ("key", "value", "created_at", "updated_at") VALUES (?, ?, ?, ?)[0m  [["key", "environment"], ["value", "development"], ["created_at", "2019-04-18 11:41:54.451653"], ["updated_at", "2019-04-18 11:41:54.451653"]]
  [1m[35m (2.0ms)[0m  [1m[36mcommit transaction[0m
  [1m[35m (0.1ms)[0m  [1m[34mSELECT sqlite_version(*)[0m
  [1m[35m (0.2ms)[0m  [1m[34mSELECT "schema_migrations"."version" FROM "schema_migrations" ORDER BY "schema_migrations"."version" ASC[0m
  [1m[35m (2.8ms)[0m  [1m[34mSELECT sqlite_version(*)[0m
  [1m[35m (0.7ms)[0m  [1m[34mSELECT "schema_migrations"."version" FROM "schema_migrations" ORDER BY "schema_migrations"."version" ASC[0m
  [1m[35m (0.1ms)[0m  [1m[34mSELECT "schema_migrations"."version" FROM "schema_migrations" ORDER BY "schema_migrations"."version" ASC[0m
  [1m[35m (3.0ms)[0m  [1m[34mSELECT sqlite_version(*)[0m
  [1m[35m (0.2ms)[0m  [1m[34mSELECT sqlite_version(*)[0m
  [1m[35m (3.0ms)[0m  [1m[34mSELECT sqlite_version(*)[0m
  [1m[35m (1.9ms)[0m  [1m[35mCREATE TABLE "schema_migrations" ("version" varchar NOT NULL PRIMARY KEY)[0m
  [1m[35m (2.0ms)[0m  [1m[35mCREATE TABLE "ar_internal_metadata" ("key" varchar NOT NULL PRIMARY KEY, "value" varchar, "created_at" datetime(6) NOT NULL, "updated_at" datetime(6) NOT NULL)[0m
  [1m[36mActiveRecord::InternalMetadata Load (1.4ms)[0m  [1m[34mSELECT "ar_internal_metadata".* FROM "ar_internal_metadata" WHERE "ar_internal_metadata"."key" = ? LIMIT ?[0m  [["key", "environment"], ["LIMIT", 1]]
  [1m[35m (0.2ms)[0m  [1m[36mbegin transaction[0m
  [1m[36mActiveRecord::InternalMetadata Create (2.6ms)[0m  [1m[32mINSERT INTO "ar_internal_metadata" ("key", "value", "created_at", "updated_at") VALUES (?, ?, ?, ?)[0m  [["key", "environment"], ["value", "development"], ["created_at", "2019-04-18 11:42:30.920119"], ["updated_at", "2019-04-18 11:42:30.920119"]]
  [1m[35m (1.6ms)[0m  [1m[36mcommit transaction[0m
  [1m[35m (0.2ms)[0m  [1m[34mSELECT sqlite_version(*)[0m
  [1m[35m (0.4ms)[0m  [1m[34mSELECT "schema_migrations"."version" FROM "schema_migrations" ORDER BY "schema_migrations"."version" ASC[0m
Started GET "/" for ::1 at 2019-04-18 11:42:48 +0100
  [1m[35m (4.9ms)[0m  [1m[34mSELECT sqlite_version(*)[0m
Processing by Rails::WelcomeController#index as HTML
  Rendering /Users/tonydefaria/.rbenv/versions/2.6.2/lib/ruby/gems/2.6.0/bundler/gems/rails-98a75b46468c/railties/lib/rails/templates/rails/welcome/index.html.erb
  Rendered /Users/tonydefaria/.rbenv/versions/2.6.2/lib/ruby/gems/2.6.0/bundler/gems/rails-98a75b46468c/railties/lib/rails/templates/rails/welcome/index.html.erb (Duration: 16.3ms | Allocations: 428)
Completed 200 OK in 33ms (Views: 26.3ms | ActiveRecord: 0.0ms | Allocations: 2267)


Started GET "/" for ::1 at 2019-04-18 11:51:52 +0100
  [1m[35m (3.8ms)[0m  [1m[34mSELECT sqlite_version(*)[0m
Processing by Rails::WelcomeController#index as HTML
  Rendering /Users/tonydefaria/.rbenv/versions/2.6.2/lib/ruby/gems/2.6.0/bundler/gems/rails-98a75b46468c/railties/lib/rails/templates/rails/welcome/index.html.erb
  Rendered /Users/tonydefaria/.rbenv/versions/2.6.2/lib/ruby/gems/2.6.0/bundler/gems/rails-98a75b46468c/railties/lib/rails/templates/rails/welcome/index.html.erb (Duration: 20.0ms | Allocations: 428)
Completed 200 OK in 36ms (Views: 28.4ms | ActiveRecord: 0.0ms | Allocations: 2267)


Started GET "/" for ::1 at 2019-04-18 12:42:45 +0100
  [1m[35m (3.8ms)[0m  [1m[34mSELECT sqlite_version(*)[0m
Processing by HomeController#index as HTML
  Rendering home/index.html.erb within layouts/application
  Rendered home/index.html.erb within layouts/application (Duration: 3.3ms | Allocations: 313)
Completed 200 OK in 2361ms (Views: 2355.0ms | ActiveRecord: 0.0ms | Allocations: 21858)


DEPRECATION WARNING: Single arity template handlers are deprecated. Template handlers must
now accept two parameters, the view object and the source for the view object.
Change:
  >> Haml::Plugin.call(template)
To:
  >> Haml::Plugin.call(template, source)
 (called from <top (required)> at /Users/tonydefaria/.rbenv/versions/2.6.2/lib/ruby/gems/2.6.0/gems/haml-5.0.4/lib/haml/plugin.rb:34)
Started GET "/" for ::1 at 2019-04-18 12:47:41 +0100
  [1m[35m (3.1ms)[0m  [1m[34mSELECT sqlite_version(*)[0m
Processing by HomeController#index as HTML
  Rendering home/index.html.haml within layouts/application
  Rendered home/index.html.haml within layouts/application (Duration: 12.9ms | Allocations: 2880)
Completed 500 Internal Server Error in 298ms (ActiveRecord: 0.0ms | Allocations: 25305)


  
ActionView::Template::Error (couldn't find file '/Users/tonydefaria/Box Sync/iigethr/gems/mies/spec/dummy/app/assets/stylesheets/custom/variables'
Checked in these paths: 
  /Users/tonydefaria/Box Sync/iigethr/gems/mies/spec/dummy/app/assets/config
  /Users/tonydefaria/Box Sync/iigethr/gems/mies/spec/dummy/app/assets/images
  /Users/tonydefaria/Box Sync/iigethr/gems/mies/spec/dummy/app/assets/stylesheets
  /Users/tonydefaria/Box Sync/iigethr/gems/mies/vendor/assets/stylesheets
  /Users/tonydefaria/.rbenv/versions/2.6.2/lib/ruby/gems/2.6.0/bundler/gems/rails-0f39a7488ed7/actioncable/app/assets/javascripts
  /Users/tonydefaria/.rbenv/versions/2.6.2/lib/ruby/gems/2.6.0/bundler/gems/rails-0f39a7488ed7/activestorage/app/assets/javascripts
  /Users/tonydefaria/.rbenv/versions/2.6.2/lib/ruby/gems/2.6.0/bundler/gems/rails-0f39a7488ed7/actionview/app/assets/javascripts
  /Users/tonydefaria/Box Sync/iigethr/gems/mies/assets
  /Users/tonydefaria/Box Sync/iigethr/gems/mies/assets/icons
  /Users/tonydefaria/Box Sync/iigethr/gems/mies/assets/images
  /Users/tonydefaria/Box Sync/iigethr/gems/mies/assets/stylesheets):
     5:     %title Dummy
     6:     = csrf_meta_tags
     7:     = csp_meta_tag
     8:     = stylesheet_link_tag "application", media: "all"
     9:   %body
    10:     = yield
  
app/views/layouts/application.html.haml:8
Started GET "/" for ::1 at 2019-04-18 12:48:20 +0100
Processing by HomeController#index as HTML
  Rendering home/index.html.haml within layouts/application
  Rendered home/index.html.haml within layouts/application (Duration: 0.2ms | Allocations: 16)
Completed 200 OK in 5012ms (Views: 5011.0ms | ActiveRecord: 0.0ms | Allocations: 66959)


Started GET "/" for ::1 at 2019-04-18 12:49:25 +0100
Processing by HomeController#index as HTML
  Rendering home/index.html.haml within layouts/application
  Rendered home/index.html.haml within layouts/application (Duration: 0.2ms | Allocations: 14)
Completed 200 OK in 2169ms (Views: 2168.0ms | ActiveRecord: 0.0ms | Allocations: 43109)


Started GET "/" for ::1 at 2019-04-18 12:51:22 +0100
Processing by HomeController#index as HTML
  Rendering home/index.html.haml within layouts/application
  Rendered home/index.html.haml within layouts/application (Duration: 3.4ms | Allocations: 950)
  Rendered lib/global/_header.html.haml (Duration: 9.1ms | Allocations: 2341)
Completed 500 Internal Server Error in 2152ms (ActiveRecord: 0.0ms | Allocations: 51391)


  
ActionView::Template::Error (Missing partial lib/components/_menu with {:locale=>[:en], :formats=>[:html], :variants=>[], :handlers=>[:raw, :erb, :html, :builder, :ruby, :haml]}. Searched in:
  * "/Users/tonydefaria/Box Sync/iigethr/gems/mies/spec/dummy/app/views"
  * "/Users/tonydefaria/.rbenv/versions/2.6.2/lib/ruby/gems/2.6.0/bundler/gems/rails-0f39a7488ed7/actiontext/app/views"
  * "/Users/tonydefaria/.rbenv/versions/2.6.2/lib/ruby/gems/2.6.0/bundler/gems/rails-0f39a7488ed7/actionmailbox/app/views"
):
    3: %header.universal.header
    4:   .universal-box
    5:     .universal-item
    6:       = render partial: "lib/components/menu"
    7:       = render partial: "lib/components/session"
  
app/views/lib/global/_header.html.haml:6
app/views/layouts/application.html.haml:10
Started GET "/" for ::1 at 2019-04-18 12:51:36 +0100
Processing by HomeController#index as HTML
  Rendering home/index.html.haml within layouts/application
  Rendered home/index.html.haml within layouts/application (Duration: 2.9ms | Allocations: 930)
  Rendered lib/global/_header.html.haml (Duration: 3.3ms | Allocations: 1613)
  Rendered lib/global/_main.html.haml (Duration: 30.8ms | Allocations: 1688)
  Rendered lib/global/_footer.html.haml (Duration: 4.2ms | Allocations: 1623)
Completed 200 OK in 70ms (Views: 68.6ms | ActiveRecord: 0.0ms | Allocations: 14806)


Started GET "/" for ::1 at 2019-04-18 12:52:03 +0100
Processing by HomeController#index as HTML
  Rendering home/index.html.haml within layouts/application
  Rendered home/index.html.haml within layouts/application (Duration: 0.1ms | Allocations: 13)
  Rendered lib/global/_header.html.haml (Duration: 0.1ms | Allocations: 11)
  Rendered lib/global/_main.html.haml (Duration: 0.1ms | Allocations: 13)
  Rendered lib/global/_footer.html.haml (Duration: 0.2ms | Allocations: 10)
Completed 200 OK in 17ms (Views: 16.4ms | ActiveRecord: 0.0ms | Allocations: 5530)


Started GET "/" for ::1 at 2019-04-18 12:52:08 +0100
Processing by HomeController#index as HTML
  Rendering home/index.html.haml within layouts/application
  Rendered home/index.html.haml within layouts/application (Duration: 0.2ms | Allocations: 13)
  Rendered lib/global/_header.html.haml (Duration: 0.1ms | Allocations: 11)
  Rendered lib/global/_main.html.haml (Duration: 0.1ms | Allocations: 13)
  Rendered lib/global/_footer.html.haml (Duration: 0.1ms | Allocations: 10)
Completed 200 OK in 14ms (Views: 13.4ms | ActiveRecord: 0.0ms | Allocations: 5521)


DEPRECATION WARNING: Single arity template handlers are deprecated. Template handlers must
now accept two parameters, the view object and the source for the view object.
Change:
  >> Haml::Plugin.call(template)
To:
  >> Haml::Plugin.call(template, source)
 (called from <top (required)> at /Users/tonydefaria/.rbenv/versions/2.6.2/lib/ruby/gems/2.6.0/gems/haml-5.0.4/lib/haml/plugin.rb:34)
Started GET "/" for ::1 at 2019-04-18 13:31:14 +0100
  [1m[35m (4.9ms)[0m  [1m[34mSELECT sqlite_version(*)[0m
Processing by HomeController#index as HTML
  Rendering home/index.html.haml within layouts/application
  Rendered home/index.html.haml within layouts/application (Duration: 12.1ms | Allocations: 2880)
  Rendered lib/global/_header.html.haml (Duration: 9.7ms | Allocations: 1624)
  Rendered lib/global/_main.html.haml (Duration: 9.6ms | Allocations: 1690)
  Rendered lib/global/_footer.html.haml (Duration: 7.0ms | Allocations: 1612)
Completed 200 OK in 3288ms (Views: 3281.1ms | ActiveRecord: 0.0ms | Allocations: 43049)


DEPRECATION WARNING: Leaving `ActiveRecord::ConnectionAdapters::SQLite3Adapter.represent_boolean_as_integer`
set to false is deprecated. SQLite databases have used 't' and 'f' to serialize
boolean values and must have old data converted to 1 and 0 (its native boolean
serialization) before setting this flag to true. Conversion can be accomplished
by setting up a rake task which runs

  ExampleModel.where("boolean_column = 't'").update_all(boolean_column: 1)
  ExampleModel.where("boolean_column = 'f'").update_all(boolean_column: 0)

for all models and all boolean columns, after which the flag must be set to
true by adding the following to your application.rb file:

  Rails.application.config.active_record.sqlite3.represent_boolean_as_integer = true
 (called from load at /Users/tonydefaria/.rbenv/versions/2.6.2/bin/rake:23)
  [1m[35m (0.6ms)[0m  [1m[34mSELECT "schema_migrations"."version" FROM "schema_migrations" ORDER BY "schema_migrations"."version" ASC[0m
  ↳ /Users/tonydefaria/.rbenv/versions/2.6.2/bin/rake:23
DEPRECATION WARNING: Leaving `ActiveRecord::ConnectionAdapters::SQLite3Adapter.represent_boolean_as_integer`
set to false is deprecated. SQLite databases have used 't' and 'f' to serialize
boolean values and must have old data converted to 1 and 0 (its native boolean
serialization) before setting this flag to true. Conversion can be accomplished
by setting up a rake task which runs

  ExampleModel.where("boolean_column = 't'").update_all(boolean_column: 1)
  ExampleModel.where("boolean_column = 'f'").update_all(boolean_column: 0)

for all models and all boolean columns, after which the flag must be set to
true by adding the following to your application.rb file:

  Rails.application.config.active_record.sqlite3.represent_boolean_as_integer = true
 (called from load at /Users/tonydefaria/.rbenv/versions/2.6.2/bin/rake:23)
  [1m[35m (0.6ms)[0m  [1m[34mSELECT "schema_migrations"."version" FROM "schema_migrations" ORDER BY "schema_migrations"."version" ASC[0m
  ↳ /Users/tonydefaria/.rbenv/versions/2.6.2/bin/rake:23
DEPRECATION WARNING: Leaving `ActiveRecord::ConnectionAdapters::SQLite3Adapter.represent_boolean_as_integer`
set to false is deprecated. SQLite databases have used 't' and 'f' to serialize
boolean values and must have old data converted to 1 and 0 (its native boolean
serialization) before setting this flag to true. Conversion can be accomplished
by setting up a rake task which runs

  ExampleModel.where("boolean_column = 't'").update_all(boolean_column: 1)
  ExampleModel.where("boolean_column = 'f'").update_all(boolean_column: 0)

for all models and all boolean columns, after which the flag must be set to
true by adding the following to your application.rb file:

  Rails.application.config.active_record.sqlite3.represent_boolean_as_integer = true
 (called from instance_eval at /Users/tonydefaria/.rbenv/versions/2.6.2/lib/ruby/gems/2.6.0/gems/activesupport-5.2.3/lib/active_support/lazy_load_hooks.rb:71)
Started GET "/" for ::1 at 2019-04-18 16:02:29 +0100
Processing by HomeController#index as HTML
  Rendering home/index.html.haml within layouts/application
  Rendered home/index.html.haml within layouts/application (17.0ms)
  Rendered lib/global/_header.html.haml (3.1ms)
  Rendered lib/global/_main.html.haml (6.5ms)
  Rendered lib/global/_footer.html.haml (6.7ms)
Completed 200 OK in 5653ms (Views: 5650.6ms | ActiveRecord: 0.0ms)


Started GET "/" for ::1 at 2019-04-18 16:02:52 +0100
Processing by HomeController#index as HTML
  Rendering home/index.html.haml within layouts/application
  Rendered home/index.html.haml within layouts/application (3.4ms)
  Rendered lib/global/_header.html.haml (10.0ms)
  Rendered lib/global/_main.html.haml (4.6ms)
  Rendered lib/global/_footer.html.haml (6.2ms)
Completed 200 OK in 77ms (Views: 73.2ms | ActiveRecord: 0.0ms)


DEPRECATION WARNING: Leaving `ActiveRecord::ConnectionAdapters::SQLite3Adapter.represent_boolean_as_integer`
set to false is deprecated. SQLite databases have used 't' and 'f' to serialize
boolean values and must have old data converted to 1 and 0 (its native boolean
serialization) before setting this flag to true. Conversion can be accomplished
by setting up a rake task which runs

  ExampleModel.where("boolean_column = 't'").update_all(boolean_column: 1)
  ExampleModel.where("boolean_column = 'f'").update_all(boolean_column: 0)

for all models and all boolean columns, after which the flag must be set to
true by adding the following to your application.rb file:

  Rails.application.config.active_record.sqlite3.represent_boolean_as_integer = true
 (called from instance_eval at /Users/tonydefaria/.rbenv/versions/2.6.2/lib/ruby/gems/2.6.0/gems/activesupport-5.2.3/lib/active_support/lazy_load_hooks.rb:71)
Started GET "/" for ::1 at 2019-04-22 09:42:40 +0100
Processing by HomeController#index as HTML
  Rendering home/index.html.haml within layouts/application
  Rendered home/index.html.haml within layouts/application (11.4ms)
  Rendered lib/global/_header.html.haml (4.9ms)
  Rendered lib/global/_main.html.haml (7.0ms)
  Rendered lib/global/_footer.html.haml (4.4ms)
Completed 200 OK in 4809ms (Views: 4805.8ms | ActiveRecord: 0.0ms)


Started GET "/buttons" for ::1 at 2019-04-22 09:44:34 +0100
Processing by ButtonsController#index as HTML
  Rendering buttons/index.html.haml within layouts/application
  Rendered buttons/index.html.haml within layouts/application (6.1ms)
  Rendered lib/global/_header.html.haml (14.3ms)
  Rendered lib/global/_main.html.haml (13.8ms)
  Rendered lib/global/_footer.html.haml (7.1ms)
Completed 200 OK in 133ms (Views: 129.4ms | ActiveRecord: 0.0ms)


Started GET "/buttons" for ::1 at 2019-04-22 09:46:25 +0100
Processing by ButtonsController#index as HTML
  Rendering buttons/index.html.haml within layouts/application
  Rendered buttons/index.html.haml within layouts/application (2.8ms)
  Rendered lib/components/_menu.html.haml (4.5ms)
  Rendered lib/global/_header.html.haml (11.2ms)
  Rendered lib/global/_main.html.haml (4.9ms)
  Rendered lib/global/_footer.html.haml (3.2ms)
Completed 200 OK in 58ms (Views: 56.7ms | ActiveRecord: 0.0ms)


Started GET "/buttons" for ::1 at 2019-04-22 09:46:27 +0100
Processing by ButtonsController#index as HTML
  Rendering buttons/index.html.haml within layouts/application
  Rendered buttons/index.html.haml within layouts/application (3.0ms)
  Rendered lib/components/_menu.html.haml (8.0ms)
  Rendered lib/global/_header.html.haml (12.5ms)
  Rendered lib/global/_main.html.haml (5.8ms)
  Rendered lib/global/_footer.html.haml (11.3ms)
Completed 200 OK in 67ms (Views: 66.1ms | ActiveRecord: 0.0ms)


Started GET "/" for ::1 at 2019-04-22 09:46:28 +0100
Processing by HomeController#index as HTML
  Rendering home/index.html.haml within layouts/application
  Rendered home/index.html.haml within layouts/application (3.4ms)
  Rendered lib/components/_menu.html.haml (5.4ms)
  Rendered lib/global/_header.html.haml (13.8ms)
  Rendered lib/global/_main.html.haml (6.8ms)
  Rendered lib/global/_footer.html.haml (4.0ms)
Completed 200 OK in 117ms (Views: 114.4ms | ActiveRecord: 0.0ms)


Started GET "/buttons" for ::1 at 2019-04-22 09:46:29 +0100
Processing by ButtonsController#index as HTML
  Rendering buttons/index.html.haml within layouts/application
  Rendered buttons/index.html.haml within layouts/application (3.5ms)
  Rendered lib/components/_menu.html.haml (8.3ms)
  Rendered lib/global/_header.html.haml (15.0ms)
  Rendered lib/global/_main.html.haml (4.2ms)
  Rendered lib/global/_footer.html.haml (6.1ms)
Completed 200 OK in 77ms (Views: 75.0ms | ActiveRecord: 0.0ms)


Started GET "/buttons" for ::1 at 2019-04-22 09:47:34 +0100
Processing by ButtonsController#index as HTML
  Rendering buttons/index.html.haml within layouts/application
  Rendered buttons/index.html.haml within layouts/application (2.0ms)
  Rendered lib/components/_menu.html.haml (4.0ms)
  Rendered lib/global/_header.html.haml (10.9ms)
  Rendered lib/global/_main.html.haml (3.9ms)
  Rendered lib/global/_footer.html.haml (2.8ms)
Completed 200 OK in 2639ms (Views: 2637.3ms | ActiveRecord: 0.0ms)


Started GET "/buttons" for ::1 at 2019-04-22 09:47:47 +0100
Processing by ButtonsController#index as HTML
  Rendering buttons/index.html.haml within layouts/application
  Rendered buttons/index.html.haml within layouts/application (1.9ms)
  Rendered lib/components/_menu.html.haml (4.9ms)
  Rendered lib/global/_header.html.haml (11.2ms)
  Rendered lib/global/_main.html.haml (4.8ms)
  Rendered lib/global/_footer.html.haml (3.9ms)
Completed 200 OK in 1836ms (Views: 1834.3ms | ActiveRecord: 0.0ms)


Started GET "/buttons" for ::1 at 2019-04-22 09:47:57 +0100
Processing by ButtonsController#index as HTML
  Rendering buttons/index.html.haml within layouts/application
  Rendered buttons/index.html.haml within layouts/application (2.3ms)
  Rendered lib/components/_menu.html.haml (3.4ms)
  Rendered lib/global/_header.html.haml (8.8ms)
  Rendered lib/global/_main.html.haml (2.5ms)
  Rendered lib/global/_footer.html.haml (3.0ms)
Completed 200 OK in 1745ms (Views: 1743.0ms | ActiveRecord: 0.0ms)


Started GET "/" for ::1 at 2019-04-22 09:48:01 +0100
Processing by HomeController#index as HTML
  Rendering home/index.html.haml within layouts/application
  Rendered home/index.html.haml within layouts/application (2.9ms)
  Rendered lib/components/_menu.html.haml (7.0ms)
  Rendered lib/global/_header.html.haml (12.2ms)
  Rendered lib/global/_main.html.haml (5.3ms)
  Rendered lib/global/_footer.html.haml (4.6ms)
Completed 200 OK in 62ms (Views: 56.3ms | ActiveRecord: 0.0ms)


Started GET "/buttons" for ::1 at 2019-04-22 09:48:02 +0100
Processing by ButtonsController#index as HTML
  Rendering buttons/index.html.haml within layouts/application
  Rendered buttons/index.html.haml within layouts/application (3.5ms)
  Rendered lib/components/_menu.html.haml (3.5ms)
  Rendered lib/global/_header.html.haml (8.2ms)
  Rendered lib/global/_main.html.haml (3.2ms)
  Rendered lib/global/_footer.html.haml (2.8ms)
Completed 200 OK in 58ms (Views: 56.2ms | ActiveRecord: 0.0ms)


Started GET "/buttons" for ::1 at 2019-04-22 09:48:09 +0100
Processing by ButtonsController#index as HTML
  Rendering buttons/index.html.haml within layouts/application
  Rendered buttons/index.html.haml within layouts/application (2.6ms)
  Rendered lib/components/_menu.html.haml (5.7ms)
  Rendered lib/global/_header.html.haml (18.7ms)
  Rendered lib/global/_main.html.haml (4.3ms)
  Rendered lib/global/_footer.html.haml (2.5ms)
Completed 200 OK in 1845ms (Views: 1844.2ms | ActiveRecord: 0.0ms)


Started GET "/buttons" for ::1 at 2019-04-22 09:48:16 +0100
Processing by ButtonsController#index as HTML
  Rendering buttons/index.html.haml within layouts/application
  Rendered buttons/index.html.haml within layouts/application (1.9ms)
  Rendered lib/components/_menu.html.haml (2.9ms)
  Rendered lib/global/_header.html.haml (7.1ms)
  Rendered lib/global/_main.html.haml (10.8ms)
  Rendered lib/global/_footer.html.haml (9.8ms)
Completed 200 OK in 64ms (Views: 62.4ms | ActiveRecord: 0.0ms)


Started GET "/" for ::1 at 2019-04-22 09:48:17 +0100
Processing by HomeController#index as HTML
  Rendering home/index.html.haml within layouts/application
  Rendered home/index.html.haml within layouts/application (4.3ms)
  Rendered lib/components/_menu.html.haml (6.6ms)
  Rendered lib/global/_header.html.haml (13.9ms)
  Rendered lib/global/_main.html.haml (10.2ms)
  Rendered lib/global/_footer.html.haml (13.4ms)
Completed 200 OK in 92ms (Views: 88.5ms | ActiveRecord: 0.0ms)


Started GET "/" for ::1 at 2019-04-22 09:50:48 +0100
Processing by HomeController#index as HTML
  Rendering home/index.html.haml within layouts/application
  Rendered home/index.html.haml within layouts/application (30.4ms)
  Rendered lib/components/_menu.html.haml (9.2ms)
  Rendered lib/global/_header.html.haml (22.5ms)
  Rendered lib/global/_main.html.haml (14.5ms)
  Rendered lib/global/_footer.html.haml (17.5ms)
Completed 200 OK in 216ms (Views: 210.6ms | ActiveRecord: 0.0ms)


Started GET "/" for ::1 at 2019-04-22 09:50:51 +0100
Processing by HomeController#index as HTML
  Rendering home/index.html.haml within layouts/application
  Rendered home/index.html.haml within layouts/application (17.9ms)
  Rendered lib/components/_menu.html.haml (9.2ms)
  Rendered lib/global/_header.html.haml (18.4ms)
  Rendered lib/global/_main.html.haml (3.4ms)
  Rendered lib/global/_footer.html.haml (6.1ms)
Completed 200 OK in 128ms (Views: 124.1ms | ActiveRecord: 0.0ms)


Started GET "/buttons" for ::1 at 2019-04-22 09:50:52 +0100
Processing by ButtonsController#index as HTML
  Rendering buttons/index.html.haml within layouts/application
  Rendered buttons/index.html.haml within layouts/application (2.6ms)
  Rendered lib/components/_menu.html.haml (5.1ms)
  Rendered lib/global/_header.html.haml (11.2ms)
  Rendered lib/global/_main.html.haml (3.6ms)
  Rendered lib/global/_footer.html.haml (3.7ms)
Completed 200 OK in 65ms (Views: 62.4ms | ActiveRecord: 0.0ms)


Started GET "/" for ::1 at 2019-04-22 09:50:53 +0100
Processing by HomeController#index as HTML
  Rendering home/index.html.haml within layouts/application
  Rendered home/index.html.haml within layouts/application (3.7ms)
  Rendered lib/components/_menu.html.haml (2.9ms)
  Rendered lib/global/_header.html.haml (6.8ms)
  Rendered lib/global/_main.html.haml (3.8ms)
  Rendered lib/global/_footer.html.haml (2.7ms)
Completed 200 OK in 140ms (Views: 137.3ms | ActiveRecord: 0.0ms)


Started GET "/buttons" for ::1 at 2019-04-22 09:50:54 +0100
Processing by ButtonsController#index as HTML
  Rendering buttons/index.html.haml within layouts/application
  Rendered buttons/index.html.haml within layouts/application (2.2ms)
  Rendered lib/components/_menu.html.haml (4.7ms)
  Rendered lib/global/_header.html.haml (10.3ms)
  Rendered lib/global/_main.html.haml (3.3ms)
  Rendered lib/global/_footer.html.haml (5.2ms)
Completed 200 OK in 54ms (Views: 52.5ms | ActiveRecord: 0.0ms)


Started GET "/buttons" for ::1 at 2019-04-22 09:56:05 +0100
Processing by ButtonsController#index as HTML
  Rendering buttons/index.html.haml within layouts/application
  Rendered buttons/index.html.haml within layouts/application (20.6ms)
  Rendered lib/components/_menu.html.haml (9.0ms)
  Rendered lib/global/_header.html.haml (20.5ms)
  Rendered lib/global/_main.html.haml (5.6ms)
  Rendered lib/global/_footer.html.haml (4.6ms)
Completed 200 OK in 2850ms (Views: 2844.3ms | ActiveRecord: 0.0ms)


Started GET "/" for ::1 at 2019-04-22 09:56:18 +0100
Processing by HomeController#index as HTML
  Rendering home/index.html.haml within layouts/application
  Rendered home/index.html.haml within layouts/application (2.9ms)
  Rendered lib/components/_menu.html.haml (5.0ms)
  Rendered lib/global/_header.html.haml (11.3ms)
  Rendered lib/global/_main.html.haml (3.4ms)
  Rendered lib/global/_footer.html.haml (3.0ms)
Completed 200 OK in 63ms (Views: 60.7ms | ActiveRecord: 0.0ms)


Started GET "/buttons" for ::1 at 2019-04-22 09:56:20 +0100
Processing by ButtonsController#index as HTML
  Rendering buttons/index.html.haml within layouts/application
  Rendered buttons/index.html.haml within layouts/application (2.4ms)
  Rendered lib/components/_menu.html.haml (5.5ms)
  Rendered lib/global/_header.html.haml (11.1ms)
  Rendered lib/global/_main.html.haml (3.5ms)
  Rendered lib/global/_footer.html.haml (6.2ms)
Completed 200 OK in 66ms (Views: 62.0ms | ActiveRecord: 0.0ms)


Started GET "/buttons" for ::1 at 2019-04-22 09:57:18 +0100
Processing by ButtonsController#index as HTML
  Rendering buttons/index.html.haml within layouts/application
  Rendered buttons/index.html.haml within layouts/application (4.4ms)
  Rendered lib/components/_menu.html.haml (3.7ms)
  Rendered lib/global/_header.html.haml (9.2ms)
  Rendered lib/global/_main.html.haml (3.1ms)
  Rendered lib/global/_footer.html.haml (3.1ms)
Completed 200 OK in 61ms (Views: 59.2ms | ActiveRecord: 0.0ms)


Started GET "/buttons" for ::1 at 2019-04-22 09:57:26 +0100
Processing by ButtonsController#index as HTML
  Rendering buttons/index.html.haml within layouts/application
  Rendered buttons/index.html.haml within layouts/application (4.7ms)
  Rendered lib/components/_menu.html.haml (3.0ms)
  Rendered lib/global/_header.html.haml (7.5ms)
  Rendered lib/global/_main.html.haml (3.5ms)
  Rendered lib/global/_footer.html.haml (3.3ms)
Completed 200 OK in 48ms (Views: 46.5ms | ActiveRecord: 0.0ms)


Started GET "/" for ::1 at 2019-04-22 09:57:27 +0100
Processing by HomeController#index as HTML
  Rendering home/index.html.haml within layouts/application
  Rendered home/index.html.haml within layouts/application (2.8ms)
  Rendered lib/components/_menu.html.haml (4.1ms)
  Rendered lib/global/_header.html.haml (8.8ms)
  Rendered lib/global/_main.html.haml (3.9ms)
  Rendered lib/global/_footer.html.haml (2.4ms)
Completed 200 OK in 52ms (Views: 49.4ms | ActiveRecord: 0.0ms)


Started GET "/buttons" for ::1 at 2019-04-22 09:57:28 +0100
Processing by ButtonsController#index as HTML
  Rendering buttons/index.html.haml within layouts/application
  Rendered buttons/index.html.haml within layouts/application (4.3ms)
  Rendered lib/components/_menu.html.haml (3.9ms)
  Rendered lib/global/_header.html.haml (9.4ms)
  Rendered lib/global/_main.html.haml (3.2ms)
  Rendered lib/global/_footer.html.haml (2.3ms)
Completed 200 OK in 52ms (Views: 50.8ms | ActiveRecord: 0.0ms)


Started GET "/buttons" for ::1 at 2019-04-22 09:57:56 +0100
Processing by ButtonsController#index as HTML
  Rendering buttons/index.html.haml within layouts/application
  Rendered buttons/index.html.haml within layouts/application (3.0ms)
  Rendered lib/components/_menu.html.haml (6.9ms)
  Rendered lib/global/_header.html.haml (16.0ms)
  Rendered lib/global/_main.html.haml (4.9ms)
  Rendered lib/global/_footer.html.haml (3.5ms)
Completed 200 OK in 2254ms (Views: 2252.1ms | ActiveRecord: 0.0ms)


Started GET "/buttons" for ::1 at 2019-04-22 09:58:04 +0100
Processing by ButtonsController#index as HTML
  Rendering buttons/index.html.haml within layouts/application
  Rendered buttons/index.html.haml within layouts/application (7.3ms)
  Rendered lib/components/_menu.html.haml (7.0ms)
  Rendered lib/global/_header.html.haml (14.1ms)
  Rendered lib/global/_main.html.haml (5.3ms)
  Rendered lib/global/_footer.html.haml (5.5ms)
Completed 200 OK in 1972ms (Views: 1970.6ms | ActiveRecord: 0.0ms)


Started GET "/buttons" for ::1 at 2019-04-22 09:58:10 +0100
Processing by ButtonsController#index as HTML
  Rendering buttons/index.html.haml within layouts/application
  Rendered buttons/index.html.haml within layouts/application (7.5ms)
  Rendered lib/components/_menu.html.haml (7.1ms)
  Rendered lib/global/_header.html.haml (10.7ms)
  Rendered lib/global/_main.html.haml (3.9ms)
  Rendered lib/global/_footer.html.haml (2.7ms)
Completed 200 OK in 54ms (Views: 52.7ms | ActiveRecord: 0.0ms)


Started GET "/buttons" for ::1 at 2019-04-22 09:58:34 +0100
Processing by ButtonsController#index as HTML
  Rendering buttons/index.html.haml within layouts/application
  Rendered buttons/index.html.haml within layouts/application (4.1ms)
  Rendered lib/components/_menu.html.haml (3.8ms)
  Rendered lib/global/_header.html.haml (8.9ms)
  Rendered lib/global/_main.html.haml (3.3ms)
  Rendered lib/global/_footer.html.haml (3.4ms)
Completed 200 OK in 49ms (Views: 47.7ms | ActiveRecord: 0.0ms)


Started GET "/buttons" for ::1 at 2019-04-22 09:59:46 +0100
Processing by ButtonsController#index as HTML
  Rendering buttons/index.html.haml within layouts/application
  Rendered buttons/index.html.haml within layouts/application (20.3ms)
  Rendered lib/components/_menu.html.haml (10.2ms)
  Rendered lib/global/_header.html.haml (25.8ms)
  Rendered lib/global/_main.html.haml (11.1ms)
  Rendered lib/global/_footer.html.haml (12.4ms)
Completed 200 OK in 148ms (Views: 144.3ms | ActiveRecord: 0.0ms)


Started GET "/buttons" for ::1 at 2019-04-22 09:59:59 +0100
Processing by ButtonsController#index as HTML
  Rendering buttons/index.html.haml within layouts/application
  Rendered buttons/index.html.haml within layouts/application (30.9ms)
  Rendered lib/components/_menu.html.haml (5.9ms)
  Rendered lib/global/_header.html.haml (12.1ms)
  Rendered lib/global/_main.html.haml (8.1ms)
  Rendered lib/global/_footer.html.haml (6.1ms)
Completed 200 OK in 102ms (Views: 100.7ms | ActiveRecord: 0.0ms)


Started GET "/buttons" for ::1 at 2019-04-22 10:00:23 +0100
Processing by ButtonsController#index as HTML
  Rendering buttons/index.html.haml within layouts/application
  Rendered buttons/index.html.haml within layouts/application (6.4ms)
  Rendered lib/components/_menu.html.haml (8.2ms)
  Rendered lib/global/_header.html.haml (15.6ms)
  Rendered lib/global/_main.html.haml (7.6ms)
  Rendered lib/global/_footer.html.haml (10.0ms)
Completed 200 OK in 77ms (Views: 75.3ms | ActiveRecord: 0.0ms)


Started GET "/" for ::1 at 2019-04-22 10:00:27 +0100
Processing by HomeController#index as HTML
  Rendering home/index.html.haml within layouts/application
  Rendered home/index.html.haml within layouts/application (2.6ms)
  Rendered lib/components/_menu.html.haml (101.0ms)
  Rendered lib/global/_header.html.haml (106.9ms)
  Rendered lib/global/_main.html.haml (4.0ms)
  Rendered lib/global/_footer.html.haml (2.9ms)
Completed 200 OK in 170ms (Views: 164.6ms | ActiveRecord: 0.0ms)


Started GET "/" for ::1 at 2019-04-22 10:00:28 +0100
Processing by HomeController#index as HTML
  Rendering home/index.html.haml within layouts/application
  Rendered home/index.html.haml within layouts/application (1.9ms)
  Rendered lib/components/_menu.html.haml (2.6ms)
  Rendered lib/global/_header.html.haml (5.9ms)
  Rendered lib/global/_main.html.haml (3.1ms)
  Rendered lib/global/_footer.html.haml (2.2ms)
Completed 200 OK in 37ms (Views: 36.4ms | ActiveRecord: 0.0ms)


Started GET "/buttons" for ::1 at 2019-04-22 10:00:30 +0100
Processing by ButtonsController#index as HTML
  Rendering buttons/index.html.haml within layouts/application
  Rendered buttons/index.html.haml within layouts/application (4.6ms)
  Rendered lib/components/_menu.html.haml (2.9ms)
  Rendered lib/global/_header.html.haml (7.0ms)
  Rendered lib/global/_main.html.haml (3.7ms)
  Rendered lib/global/_footer.html.haml (2.2ms)
Completed 200 OK in 43ms (Views: 41.4ms | ActiveRecord: 0.0ms)


Started GET "/buttons" for ::1 at 2019-04-22 10:01:33 +0100
Processing by ButtonsController#index as HTML
  Rendering buttons/index.html.haml within layouts/application
  Rendered buttons/index.html.haml within layouts/application (4.9ms)
  Rendered lib/components/_menu.html.haml (2.7ms)
  Rendered lib/global/_header.html.haml (6.0ms)
  Rendered lib/global/_main.html.haml (3.0ms)
  Rendered lib/global/_footer.html.haml (2.4ms)
Completed 200 OK in 41ms (Views: 40.1ms | ActiveRecord: 0.0ms)


Started GET "/buttons" for ::1 at 2019-04-22 10:02:01 +0100
Processing by ButtonsController#index as HTML
  Rendering buttons/index.html.haml within layouts/application
  Rendered buttons/index.html.haml within layouts/application (4.6ms)
  Rendered lib/components/_menu.html.haml (3.4ms)
  Rendered lib/global/_header.html.haml (7.4ms)
  Rendered lib/global/_main.html.haml (2.4ms)
  Rendered lib/global/_footer.html.haml (2.5ms)
Completed 200 OK in 43ms (Views: 41.8ms | ActiveRecord: 0.0ms)


Started GET "/buttons" for ::1 at 2019-04-22 10:02:30 +0100
Processing by ButtonsController#index as HTML
  Rendering buttons/index.html.haml within layouts/application
  Rendered buttons/index.html.haml within layouts/application (5.6ms)
  Rendered lib/components/_menu.html.haml (4.0ms)
  Rendered lib/global/_header.html.haml (8.6ms)
  Rendered lib/global/_main.html.haml (2.4ms)
  Rendered lib/global/_footer.html.haml (2.1ms)
Completed 200 OK in 47ms (Views: 45.4ms | ActiveRecord: 0.0ms)


Started GET "/buttons" for ::1 at 2019-04-22 10:02:58 +0100
Processing by ButtonsController#index as HTML
  Rendering buttons/index.html.haml within layouts/application
  Rendered buttons/index.html.haml within layouts/application (5.3ms)
  Rendered lib/components/_menu.html.haml (2.7ms)
  Rendered lib/global/_header.html.haml (6.9ms)
  Rendered lib/global/_main.html.haml (4.1ms)
  Rendered lib/global/_footer.html.haml (4.4ms)
Completed 200 OK in 52ms (Views: 50.5ms | ActiveRecord: 0.0ms)


Started GET "/buttons" for ::1 at 2019-04-22 10:03:17 +0100
Processing by ButtonsController#index as HTML
  Rendering buttons/index.html.haml within layouts/application
  Rendered buttons/index.html.haml within layouts/application (6.0ms)
  Rendered lib/components/_menu.html.haml (2.8ms)
  Rendered lib/global/_header.html.haml (6.8ms)
  Rendered lib/global/_main.html.haml (2.4ms)
  Rendered lib/global/_footer.html.haml (2.5ms)
Completed 200 OK in 41ms (Views: 40.2ms | ActiveRecord: 0.0ms)


Started GET "/buttons" for ::1 at 2019-04-22 10:04:21 +0100
Processing by ButtonsController#index as HTML
  Rendering buttons/index.html.haml within layouts/application
  Rendered buttons/index.html.haml within layouts/application (11.9ms)
  Rendered lib/components/_menu.html.haml (3.4ms)
  Rendered lib/global/_header.html.haml (11.5ms)
  Rendered lib/global/_main.html.haml (2.7ms)
  Rendered lib/global/_footer.html.haml (3.7ms)
Completed 200 OK in 62ms (Views: 60.9ms | ActiveRecord: 0.0ms)


Started GET "/buttons" for ::1 at 2019-04-22 10:04:35 +0100
Processing by ButtonsController#index as HTML
  Rendering buttons/index.html.haml within layouts/application
  Rendered buttons/index.html.haml within layouts/application (13.1ms)
  Rendered lib/components/_menu.html.haml (3.2ms)
  Rendered lib/global/_header.html.haml (6.5ms)
  Rendered lib/global/_main.html.haml (2.9ms)
  Rendered lib/global/_footer.html.haml (2.3ms)
Completed 200 OK in 51ms (Views: 49.6ms | ActiveRecord: 0.0ms)


Started GET "/buttons" for ::1 at 2019-04-22 10:05:09 +0100
Processing by ButtonsController#index as HTML
  Rendering buttons/index.html.haml within layouts/application
  Rendered buttons/index.html.haml within layouts/application (9.6ms)
  Rendered lib/components/_menu.html.haml (2.5ms)
  Rendered lib/global/_header.html.haml (6.7ms)
  Rendered lib/global/_main.html.haml (2.2ms)
  Rendered lib/global/_footer.html.haml (2.8ms)
Completed 200 OK in 47ms (Views: 45.6ms | ActiveRecord: 0.0ms)


Started GET "/buttons" for ::1 at 2019-04-22 10:05:38 +0100
Processing by ButtonsController#index as HTML
  Rendering buttons/index.html.haml within layouts/application
  Rendered buttons/index.html.haml within layouts/application (13.4ms)
  Rendered lib/components/_menu.html.haml (3.1ms)
  Rendered lib/global/_header.html.haml (6.9ms)
  Rendered lib/global/_main.html.haml (2.9ms)
  Rendered lib/global/_footer.html.haml (2.4ms)
Completed 200 OK in 55ms (Views: 53.7ms | ActiveRecord: 0.0ms)


Started GET "/buttons" for ::1 at 2019-04-22 10:05:58 +0100
Processing by ButtonsController#index as HTML
  Rendering buttons/index.html.haml within layouts/application
  Rendered buttons/index.html.haml within layouts/application (9.3ms)
  Rendered lib/components/_menu.html.haml (2.7ms)
  Rendered lib/global/_header.html.haml (6.7ms)
  Rendered lib/global/_main.html.haml (3.7ms)
  Rendered lib/global/_footer.html.haml (2.2ms)
Completed 200 OK in 85ms (Views: 83.3ms | ActiveRecord: 0.0ms)


Started GET "/buttons" for ::1 at 2019-04-22 10:07:35 +0100
Processing by ButtonsController#index as HTML
  Rendering buttons/index.html.haml within layouts/application
  Rendered buttons/index.html.haml within layouts/application (9.4ms)
  Rendered lib/components/_menu.html.haml (8.3ms)
  Rendered lib/global/_header.html.haml (14.7ms)
  Rendered lib/global/_main.html.haml (4.8ms)
  Rendered lib/global/_footer.html.haml (4.6ms)
Completed 200 OK in 2097ms (Views: 2095.5ms | ActiveRecord: 0.0ms)


Started GET "/buttons" for ::1 at 2019-04-22 10:08:01 +0100
Processing by ButtonsController#index as HTML
  Rendering buttons/index.html.haml within layouts/application
  Rendered buttons/index.html.haml within layouts/application (11.4ms)
  Rendered lib/components/_menu.html.haml (9.5ms)
  Rendered lib/global/_header.html.haml (17.1ms)
  Rendered lib/global/_main.html.haml (4.6ms)
  Rendered lib/global/_footer.html.haml (5.0ms)
Completed 200 OK in 1789ms (Views: 1787.9ms | ActiveRecord: 0.0ms)


Started GET "/buttons" for ::1 at 2019-04-22 10:08:11 +0100
Processing by ButtonsController#index as HTML
  Rendering buttons/index.html.haml within layouts/application
  Rendered buttons/index.html.haml within layouts/application (12.0ms)
  Rendered lib/components/_menu.html.haml (4.2ms)
  Rendered lib/global/_header.html.haml (9.5ms)
  Rendered lib/global/_main.html.haml (5.6ms)
  Rendered lib/global/_footer.html.haml (4.0ms)
Completed 200 OK in 1828ms (Views: 1827.0ms | ActiveRecord: 0.0ms)


Started GET "/buttons" for ::1 at 2019-04-22 10:08:28 +0100
Processing by ButtonsController#index as HTML
  Rendering buttons/index.html.haml within layouts/application
  Rendered buttons/index.html.haml within layouts/application (11.9ms)
  Rendered lib/components/_menu.html.haml (8.8ms)
  Rendered lib/global/_header.html.haml (16.1ms)
  Rendered lib/global/_main.html.haml (6.1ms)
  Rendered lib/global/_footer.html.haml (6.2ms)
Completed 200 OK in 1833ms (Views: 1831.5ms | ActiveRecord: 0.0ms)


Started GET "/buttons" for ::1 at 2019-04-22 10:08:44 +0100
Processing by ButtonsController#index as HTML
  Rendering buttons/index.html.haml within layouts/application
  Rendered buttons/index.html.haml within layouts/application (16.3ms)
  Rendered lib/components/_menu.html.haml (3.1ms)
  Rendered lib/global/_header.html.haml (8.5ms)
  Rendered lib/global/_main.html.haml (2.6ms)
  Rendered lib/global/_footer.html.haml (2.6ms)
Completed 200 OK in 1975ms (Views: 1973.6ms | ActiveRecord: 0.0ms)


Started GET "/buttons" for ::1 at 2019-04-22 10:08:52 +0100
Processing by ButtonsController#index as HTML
  Rendering buttons/index.html.haml within layouts/application
  Rendered buttons/index.html.haml within layouts/application (10.4ms)
  Rendered lib/components/_menu.html.haml (3.3ms)
  Rendered lib/global/_header.html.haml (6.7ms)
  Rendered lib/global/_main.html.haml (3.0ms)
  Rendered lib/global/_footer.html.haml (3.2ms)
Completed 200 OK in 54ms (Views: 52.9ms | ActiveRecord: 0.0ms)


Started GET "/buttons" for ::1 at 2019-04-22 10:09:00 +0100
Processing by ButtonsController#index as HTML
  Rendering buttons/index.html.haml within layouts/application
  Rendered buttons/index.html.haml within layouts/application (9.5ms)
  Rendered lib/components/_menu.html.haml (7.9ms)
  Rendered lib/global/_header.html.haml (16.3ms)
  Rendered lib/global/_main.html.haml (5.4ms)
  Rendered lib/global/_footer.html.haml (4.8ms)
Completed 200 OK in 1760ms (Views: 1759.0ms | ActiveRecord: 0.0ms)


Started GET "/buttons" for ::1 at 2019-04-22 10:09:09 +0100
Processing by ButtonsController#index as HTML
  Rendering buttons/index.html.haml within layouts/application
  Rendered buttons/index.html.haml within layouts/application (15.5ms)
  Rendered lib/components/_menu.html.haml (4.8ms)
  Rendered lib/global/_header.html.haml (10.1ms)
  Rendered lib/global/_main.html.haml (4.0ms)
  Rendered lib/global/_footer.html.haml (4.0ms)
Completed 200 OK in 69ms (Views: 67.7ms | ActiveRecord: 0.0ms)


Started GET "/buttons" for ::1 at 2019-04-22 10:09:33 +0100
Processing by ButtonsController#index as HTML
  Rendering buttons/index.html.haml within layouts/application
  Rendered buttons/index.html.haml within layouts/application (16.6ms)
  Rendered lib/components/_menu.html.haml (6.7ms)
  Rendered lib/global/_header.html.haml (14.4ms)
  Rendered lib/global/_main.html.haml (5.4ms)
  Rendered lib/global/_footer.html.haml (4.7ms)
Completed 200 OK in 1890ms (Views: 1888.4ms | ActiveRecord: 0.0ms)


Started GET "/buttons" for ::1 at 2019-04-22 10:10:21 +0100
Processing by ButtonsController#index as HTML
  Rendering buttons/index.html.haml within layouts/application
  Rendered buttons/index.html.haml within layouts/application (13.2ms)
  Rendered lib/components/_menu.html.haml (6.0ms)
  Rendered lib/global/_header.html.haml (11.7ms)
  Rendered lib/global/_main.html.haml (3.9ms)
  Rendered lib/global/_footer.html.haml (2.9ms)
Completed 200 OK in 1825ms (Views: 1823.4ms | ActiveRecord: 0.0ms)


Started GET "/buttons" for ::1 at 2019-04-22 10:11:03 +0100
Processing by ButtonsController#index as HTML
  Rendering buttons/index.html.haml within layouts/application
  Rendered buttons/index.html.haml within layouts/application (12.1ms)
  Rendered lib/components/_menu.html.haml (4.2ms)
  Rendered lib/global/_header.html.haml (10.0ms)
  Rendered lib/global/_main.html.haml (3.0ms)
  Rendered lib/global/_footer.html.haml (3.4ms)
Completed 200 OK in 1823ms (Views: 1821.8ms | ActiveRecord: 0.0ms)


Started GET "/buttons" for ::1 at 2019-04-22 10:11:47 +0100
Processing by ButtonsController#index as HTML
  Rendering buttons/index.html.haml within layouts/application
  Rendered buttons/index.html.haml within layouts/application (11.9ms)
  Rendered lib/components/_menu.html.haml (6.2ms)
  Rendered lib/global/_header.html.haml (21.5ms)
  Rendered lib/global/_main.html.haml (3.2ms)
  Rendered lib/global/_footer.html.haml (59.1ms)
Completed 200 OK in 2238ms (Views: 2236.1ms | ActiveRecord: 0.0ms)


Started GET "/buttons" for ::1 at 2019-04-22 10:19:31 +0100
Processing by ButtonsController#index as HTML
  Rendering buttons/index.html.haml within layouts/application
  Rendered buttons/index.html.haml within layouts/application (38.7ms)
  Rendered lib/components/_menu.html.haml (6.2ms)
  Rendered lib/global/_header.html.haml (13.8ms)
  Rendered lib/global/_main.html.haml (3.7ms)
  Rendered lib/global/_footer.html.haml (4.7ms)
Completed 200 OK in 134ms (Views: 128.8ms | ActiveRecord: 0.0ms)


Started GET "/buttons" for ::1 at 2019-04-22 10:19:43 +0100
Processing by ButtonsController#index as HTML
  Rendering buttons/index.html.haml within layouts/application
  Rendered buttons/index.html.haml within layouts/application (18.0ms)
  Rendered lib/components/_menu.html.haml (3.7ms)
  Rendered lib/global/_header.html.haml (9.2ms)
  Rendered lib/global/_main.html.haml (3.8ms)
  Rendered lib/global/_footer.html.haml (3.1ms)
Completed 200 OK in 69ms (Views: 66.7ms | ActiveRecord: 0.0ms)


Started GET "/buttons" for ::1 at 2019-04-22 10:20:12 +0100
Processing by ButtonsController#index as HTML
  Rendering buttons/index.html.haml within layouts/application
  Rendered buttons/index.html.haml within layouts/application (12.7ms)
  Rendered lib/components/_menu.html.haml (4.2ms)
  Rendered lib/global/_header.html.haml (11.0ms)
  Rendered lib/global/_main.html.haml (4.9ms)
  Rendered lib/global/_footer.html.haml (4.6ms)
Completed 200 OK in 2289ms (Views: 2287.7ms | ActiveRecord: 0.0ms)


Started GET "/buttons" for ::1 at 2019-04-22 10:20:22 +0100
Processing by ButtonsController#index as HTML
  Rendering buttons/index.html.haml within layouts/application
  Rendered buttons/index.html.haml within layouts/application (11.4ms)
  Rendered lib/components/_menu.html.haml (3.2ms)
  Rendered lib/global/_header.html.haml (7.5ms)
  Rendered lib/global/_main.html.haml (3.3ms)
  Rendered lib/global/_footer.html.haml (2.8ms)
Completed 200 OK in 59ms (Views: 57.7ms | ActiveRecord: 0.0ms)


Started GET "/buttons" for ::1 at 2019-04-22 10:27:22 +0100
Processing by ButtonsController#index as HTML
  Rendering buttons/index.html.haml within layouts/application
  Rendered buttons/index.html.haml within layouts/application (85.6ms)
  Rendered lib/components/_menu.html.haml (15.8ms)
  Rendered lib/global/_header.html.haml (297.6ms)
  Rendered lib/global/_main.html.haml (4.3ms)
  Rendered lib/global/_footer.html.haml (3.7ms)
Completed 200 OK in 503ms (Views: 497.2ms | ActiveRecord: 0.0ms)


